[Bootstrap]
SetupTitle=Install
SetupText=Copying Files, please stand by.
CabFile=ObslugaHurtowniKwiatow.CAB
Spawn=Setup1.exe
Uninstal=st6unst.exe
TmpDir=msftqws.pdw
Cabs=1

[Bootstrap Files]
File1=@VB6STKIT.DLL,$(WinSysPathSysFile),,,6-18-98 12:00:00 AM,102912,6.0.81.69
File2=@COMCAT.DLL,$(WinSysPathSysFile),$(DLLSelfRegister),,5-31-98 12:00:00 AM,22288,4.71.1460.1
File3=@MSVCRT40.DLL,$(WinSysPathSysFile),,,5-31-98 12:00:00 AM,326656,4.21.0.0
File4=@stdole2.tlb,$(WinSysPathSysFile),$(TLBRegister),,4-15-08 2:00:00 PM,16896,5.1.2600.5512
File5=@asycfilt.dll,$(WinSysPathSysFile),,,4-15-08 2:00:00 PM,65024,5.1.2600.5512
File6=@olepro32.dll,$(WinSysPathSysFile),$(DLLSelfRegister),,4-15-08 2:00:00 PM,84992,5.1.2600.5512
File7=@oleaut32.dll,$(WinSysPathSysFile),$(DLLSelfRegister),,4-15-08 2:00:00 PM,551936,5.1.2600.5512
File8=@msvbvm60.dll,$(WinSysPathSysFile),$(DLLSelfRegister),,4-15-08 2:00:00 PM,1384479,6.0.98.2

[IconGroups]
Group0=Project1
PrivateGroup0=True
Parent0=$(Programs)

[Project1]
Icon1="ObslugaHurtowniKwiatow1.exe"
Title1=Project1
StartIn1=$(AppPath)

[Setup]
Title=Project
DefaultDir=$(ProgramFiles)\Project1
AppExe=ObslugaHurtowniKwiatow.exe
AppToUninstall=ObslugaHurtowniKwiatow.exe

[Setup1 Files]
File1=@MDAC_TYP.EXE,$(AppPath),,$(Shared),6-26-98 12:00:00 AM,8124720,4.71.1015.0
File2=@RDOCURS.DLL,$(WinSysPath),,$(Shared),6-18-98 12:00:00 AM,151552,5.0.81.69
File3=@MSRDO20.DLL,$(WinSysPath),$(DLLSelfRegister),$(Shared),6-18-98 12:00:00 AM,393216,6.0.81.69
File4=@MSPDOX35.DLL,$(WinSysPathSysFile),$(DLLSelfRegister),,4-24-98 12:00:00 AM,250128,3.51.623.0
File5=@MSLTUS35.DLL,$(WinSysPathSysFile),$(DLLSelfRegister),,4-24-98 12:00:00 AM,166160,3.51.623.0
File6=@MSTEXT35.DLL,$(WinSysPathSysFile),$(DLLSelfRegister),,4-24-98 12:00:00 AM,165648,3.51.623.0
File7=@MSEXCH35.DLL,$(WinSysPath),$(DLLSelfRegister),$(Shared),4-24-98 12:00:00 AM,330000,3.51.623.0
File8=@MSEXCL35.DLL,$(WinSysPathSysFile),$(DLLSelfRegister),,4-24-98 12:00:00 AM,250128,3.51.623.2
File9=@MSXBSE35.DLL,$(WinSysPathSysFile),$(DLLSelfRegister),,4-24-98 12:00:00 AM,287504,3.51.623.0
File10=@VB5DB.DLL,$(WinSysPath),,$(Shared),6-18-98 12:00:00 AM,89360,6.0.81.69
File11=@MSREPL35.DLL,$(WinSysPathSysFile),,,4-24-98 12:00:00 AM,407312,3.51.623.0
File12=@MSRD2X35.DLL,$(WinSysPathSysFile),$(DLLSelfRegister),,4-24-98 12:00:00 AM,252176,3.51.623.0
File13=@expsrv.dll,$(WinSysPathSysFile),,,4-15-08 2:00:00 PM,380445,6.0.72.9590
File14=@vbajet32.dll,$(WinSysPathSysFile),,,4-15-08 2:00:00 PM,30749,6.0.1.9432
File15=@MSJINT35.DLL,$(WinSysPathSysFile),,,4-24-98 12:00:00 AM,123664,3.51.623.0
File16=@MSJTER35.DLL,$(WinSysPathSysFile),,,4-24-98 12:00:00 AM,24848,3.51.623.0
File17=@MSJET35.DLL,$(WinSysPathSysFile),$(DLLSelfRegister),,4-24-98 12:00:00 AM,1045776,3.51.623.4
File18=@DAO350.DLL,$(MSDAOPath),$(DLLSelfRegister),$(Shared),4-27-98 12:00:00 AM,570128,3.51.1608.0
File19=@ObslugaHurtowniKwiatow.exe,$(AppPath),,$(Shared),6-15-11 9:53:20 PM,40960,1.0.0.0

; The following lines may be deleted in order to obtain extra 
; space for customizing this file on a full installation diskette.
; 
; XXXXXXXXXXXXXXXXXXXXXXXXXXXXXXXXXXXXXXXXXXXXXXXXXXXXXXXXXXXX
; XXXXXXXXXXXXXXXXXXXXXXXXXXXXXXXXXXXXXXXXXXXXXXXXXXXXXXXXXXXX
; XXXXXXXXXXXXXXXXXXXXXXXXXXXXXXXXXXXXXXXXXXXXXXXXXXXXXXXXXXXX
; XXXXXXXXXXXXXXXXXXXXXXXXXXXXXXXXXXXXXXXXXXXXXXXXXXXXXXXXXXXX
; XXXXXXXXXXXXXXXXXXXXXXXXXXXXXXXXXXXXXXXXXXXXXXXXXXXXXXXXXXXX
; XXXXXXXXXXXXXXXXXXXXXXXXXXXXXXXXXXXXXXXXXXXXXXXXXXXXXXXXXXXX
; XXXXXXXXXXXXXXXXXXXXXXXXXXXXXXXXXXXXXXXXXXXXXXXXXXXXXXXXXXXX
; XXXXXXXXXXXXXXXXXXXXXXXXXXXXXXXXXXXXXXXXXXXXXXXXXXXXXXXXXXXX
; XXXXXXXXXXXXXXXXXXXXXXXXXXXXXXXXXXXXXXXXXXXXXXXXXXXXXXXXXXXX
; XXXXXXXXXXXXXXXXXXXXXXXXXXXXXXXXXXXXXXXXXXXXXXXXXXXXXXXXXXXX
; XXXXXXXXXXXXXXXXXXXXXXXXXXXXXXXXXXXXXXXXXXXXXXXXXXXXXXXXXXXX
; XXXXXXXXXXXXXXXXXXXXXXXXXXXXXXXXXXXXXXXXXXXXXXXXXXXXXXXXXXXX
; XXXXXXXXXXXXXXXXXXXXXXXXXXXXXXXXXXXXXXXXXXXXXXXXXXXXXXXXXXXX
; XXXXXXXXXXXXXXXXXXXXXXXXXXXXXXXXXXXXXXXXXXXXXXXXXXXXXXXXXXXX
; XXXXXXXXXXXXXXXXXXXXXXXXXXXXXXXXXXXXXXXXXXXXXXXXXXXXXXXXXXXX
; XXXXXXXXXXXXXXXXXXXXXXXXXXXXXXXXXXXXXXXXXXXXXXXXXXXXXXXXXXXX
; XXXXXXXXXXXXXXXXXXXXXXXXXXXXXXXXXXXXXXXXXXXXXXXXXXXXXXXXXXXX
; XXXXXXXXXXXXXXXXXXXXXXXXXXXXXXXXXXXXXXXXXXXXXXXXXXXXXXXXXXXX
; XXXXXXXXXXXXXXXXXXXXXXXXXXXXXXXXXXXXXXXXXXXXXXXXXXXXXXXXXXXX
; XXXXXXXXXXXXXXXXXXXXXXXXXXXXXXXXXXXXXXXXXXXXXXXXXXXXXXXXXXXX
; XXXXXXXXXXXXXXXXXXXXXXXXXXXXXXXXXXXXXXXXXXXXXXXXXXXXXXXXXXXX
; XXXXXXXXXXXXXXXXXXXXXXXXXXXXXXXXXXXXXXXXXXXXXXXXXXXXXXXXXXXX
; XXXXXXXXXXXXXXXXXXXXXXXXXXXXXXXXXXXXXXXXXXXXXXXXXXXXXXXXXXXX
; XXXXXXXXXXXXXXXXXXXXXXXXXXXXXXXXXXXXXXXXXXXXXXXXXXXXXXXXXXXX
; XXXXXXXXXXXXXXXXXXXXXXXXXXXXXXXXXXXXXXXXXXXXXXXXXXXXXXXXXXXX
; XXXXXXXXXXXXXXXXXXXXXXXXXXXXXXXXXXXXXXXXXXXXXXXXXXXXXXXXXXXX
; XXXXXXXXXXXXXXXXXXXXXXXXXXXXXXXXXXXXXXXXXXXXXXXXXXXXXXXXXXXX
; XXXXXXXXXXXXXXXXXXXXXXXXXXXXXXXXXXXXXXXXXXXXXXXXXXXXXXXXXXXX
; XXXXXXXXXXXXXXXXXXXXXXXXXXXXXXXXXXXXXXXXXXXXXXXXXXXXXXXXXXXX
; XXXXXXXXXXXXXXXXXXXXXXXXXXXXXXXXXXXXXXXXXXXXXXXXXXXXXXXXXXXX
; XXXXXXXXXXXXXXXXXXXXXXXXXXXXXXXXXXXXXXXXXXXXXXXXXXXXXXXXXXXX
; XXXXXXXXXXXXXXXXXXXXXXXXXXXXXXXXXXXXXXXXXXXXXXXXXXXXXXXXXXXX
; XXXXXXXXXXXXXXXXXXXXXXXXXXXXXXXXXXXXXXXXXXXXXXXXXXXXXXXXXXXX
; XXXXXXXXXXXXXXXXXXXXXXXXXXXXXXXXXXXXXXXXXXXXXXXXXXXXXXXXXXXX
; XXXXXXXXXXXXXXXXXXXXXXXXXXXXXXXXXXXXXXXXXXXXXXXXXXXXXXXXXXXX
